{"contracts/BulkTransfer.sol":{"l":{"30":2,"34":2,"35":2,"37":1,"38":4,"41":1,"42":1,"48":2,"50":2,"51":7,"54":2},"path":"/Users/biod/projects/xCryptToken/contracts/BulkTransfer.sol","s":{"1":2,"2":2,"3":2,"4":1,"5":4,"6":1,"7":1,"8":2,"9":2,"10":7,"11":2},"b":{"1":[2,0],"2":[1,1]},"f":{"1":2,"2":2},"fnMap":{"1":{"name":"bulkTransfer","line":29,"loc":{"start":{"line":29,"column":2},"end":{"line":29,"column":99}}},"2":{"name":"sumOf","line":47,"loc":{"start":{"line":47,"column":2},"end":{"line":47,"column":65}}}},"statementMap":{"1":{"start":{"line":30,"column":4},"end":{"line":30,"column":73}},"2":{"start":{"line":34,"column":4},"end":{"line":34,"column":44}},"3":{"start":{"line":35,"column":4},"end":{"line":35,"column":117}},"4":{"start":{"line":37,"column":4},"end":{"line":37,"column":1679}},"5":{"start":{"line":38,"column":6},"end":{"line":38,"column":44}},"6":{"start":{"line":41,"column":4},"end":{"line":41,"column":55}},"7":{"start":{"line":42,"column":4},"end":{"line":42,"column":15}},"8":{"start":{"line":48,"column":4},"end":{"line":48,"column":20}},"9":{"start":{"line":50,"column":4},"end":{"line":50,"column":2081}},"10":{"start":{"line":51,"column":6},"end":{"line":51,"column":34}},"11":{"start":{"line":54,"column":4},"end":{"line":54,"column":16}}},"branchMap":{"1":{"line":30,"type":"if","locations":[{"start":{"line":30,"column":4},"end":{"line":30,"column":4}},{"start":{"line":30,"column":4},"end":{"line":30,"column":4}}]},"2":{"line":35,"type":"if","locations":[{"start":{"line":35,"column":4},"end":{"line":35,"column":4}},{"start":{"line":35,"column":4},"end":{"line":35,"column":4}}]}}},"contracts/CustomAdmin.sol":{"l":{"32":148,"33":133,"39":36,"40":35,"42":32,"44":31,"46":31,"47":31,"53":8,"54":30,"59":30,"60":30,"62":30,"66":8,"72":16,"73":16,"76":14,"78":14,"79":14,"80":14,"86":1,"87":4,"92":4,"93":4,"95":4,"99":1,"104":250,"105":156,"108":94},"path":"/Users/biod/projects/xCryptToken/contracts/CustomAdmin.sol","s":{"1":148,"2":36,"3":35,"4":32,"5":31,"6":31,"7":31,"8":8,"9":30,"10":30,"11":30,"12":30,"13":8,"14":16,"15":16,"16":14,"17":14,"18":14,"19":14,"20":1,"21":4,"22":4,"23":4,"24":4,"25":1,"26":250,"27":156,"28":94},"b":{"1":[133,15],"2":[35,1],"3":[32,3],"4":[31,1],"5":[30,0],"6":[16,0],"7":[14,2],"8":[14,0],"9":[4,0],"10":[156,94]},"f":{"1":148,"2":36,"3":8,"4":16,"5":1,"6":250},"fnMap":{"1":{"name":"onlyAdmin","line":31,"loc":{"start":{"line":31,"column":2},"end":{"line":31,"column":22}}},"2":{"name":"addAdmin","line":38,"loc":{"start":{"line":38,"column":2},"end":{"line":38,"column":70}}},"3":{"name":"addManyAdmins","line":52,"loc":{"start":{"line":52,"column":2},"end":{"line":52,"column":78}}},"4":{"name":"removeAdmin","line":71,"loc":{"start":{"line":71,"column":2},"end":{"line":71,"column":73}}},"5":{"name":"removeManyAdmins","line":85,"loc":{"start":{"line":85,"column":2},"end":{"line":85,"column":81}}},"6":{"name":"isAdmin","line":103,"loc":{"start":{"line":103,"column":2},"end":{"line":103,"column":62}}}},"statementMap":{"1":{"start":{"line":32,"column":4},"end":{"line":32,"column":52}},"2":{"start":{"line":39,"column":4},"end":{"line":39,"column":54}},"3":{"start":{"line":40,"column":4},"end":{"line":40,"column":74}},"4":{"start":{"line":42,"column":4},"end":{"line":42,"column":104}},"5":{"start":{"line":44,"column":4},"end":{"line":44,"column":26}},"6":{"start":{"line":46,"column":4},"end":{"line":46,"column":29}},"7":{"start":{"line":47,"column":4},"end":{"line":47,"column":15}},"8":{"start":{"line":53,"column":4},"end":{"line":53,"column":1857}},"9":{"start":{"line":54,"column":6},"end":{"line":54,"column":35}},"10":{"start":{"line":59,"column":6},"end":{"line":59,"column":2105}},"11":{"start":{"line":60,"column":8},"end":{"line":60,"column":29}},"12":{"start":{"line":62,"column":8},"end":{"line":62,"column":37}},"13":{"start":{"line":66,"column":4},"end":{"line":66,"column":15}},"14":{"start":{"line":72,"column":4},"end":{"line":72,"column":54}},"15":{"start":{"line":73,"column":4},"end":{"line":73,"column":68}},"16":{"start":{"line":76,"column":4},"end":{"line":76,"column":104}},"17":{"start":{"line":78,"column":4},"end":{"line":78,"column":27}},"18":{"start":{"line":79,"column":4},"end":{"line":79,"column":31}},"19":{"start":{"line":80,"column":4},"end":{"line":80,"column":15}},"20":{"start":{"line":86,"column":4},"end":{"line":86,"column":3102}},"21":{"start":{"line":87,"column":6},"end":{"line":87,"column":35}},"22":{"start":{"line":92,"column":6},"end":{"line":92,"column":3404}},"23":{"start":{"line":93,"column":8},"end":{"line":93,"column":30}},"24":{"start":{"line":95,"column":8},"end":{"line":95,"column":39}},"25":{"start":{"line":99,"column":4},"end":{"line":99,"column":15}},"26":{"start":{"line":104,"column":4},"end":{"line":104,"column":3705}},"27":{"start":{"line":105,"column":6},"end":{"line":105,"column":17}},"28":{"start":{"line":108,"column":4},"end":{"line":108,"column":27}}},"branchMap":{"1":{"line":32,"type":"if","locations":[{"start":{"line":32,"column":4},"end":{"line":32,"column":4}},{"start":{"line":32,"column":4},"end":{"line":32,"column":4}}]},"2":{"line":39,"type":"if","locations":[{"start":{"line":39,"column":4},"end":{"line":39,"column":4}},{"start":{"line":39,"column":4},"end":{"line":39,"column":4}}]},"3":{"line":40,"type":"if","locations":[{"start":{"line":40,"column":4},"end":{"line":40,"column":4}},{"start":{"line":40,"column":4},"end":{"line":40,"column":4}}]},"4":{"line":42,"type":"if","locations":[{"start":{"line":42,"column":4},"end":{"line":42,"column":4}},{"start":{"line":42,"column":4},"end":{"line":42,"column":4}}]},"5":{"line":59,"type":"if","locations":[{"start":{"line":59,"column":6},"end":{"line":59,"column":6}},{"start":{"line":59,"column":6},"end":{"line":59,"column":6}}]},"6":{"line":72,"type":"if","locations":[{"start":{"line":72,"column":4},"end":{"line":72,"column":4}},{"start":{"line":72,"column":4},"end":{"line":72,"column":4}}]},"7":{"line":73,"type":"if","locations":[{"start":{"line":73,"column":4},"end":{"line":73,"column":4}},{"start":{"line":73,"column":4},"end":{"line":73,"column":4}}]},"8":{"line":76,"type":"if","locations":[{"start":{"line":76,"column":4},"end":{"line":76,"column":4}},{"start":{"line":76,"column":4},"end":{"line":76,"column":4}}]},"9":{"line":92,"type":"if","locations":[{"start":{"line":92,"column":6},"end":{"line":92,"column":6}},{"start":{"line":92,"column":6},"end":{"line":92,"column":6}}]},"10":{"line":104,"type":"if","locations":[{"start":{"line":104,"column":4},"end":{"line":104,"column":4}},{"start":{"line":104,"column":4},"end":{"line":104,"column":4}}]}}},"contracts/CustomLockable.sol":{"l":{"46":82,"47":75,"52":97,"54":97,"55":17,"58":80,"65":15,"66":13,"67":12,"68":9,"70":8,"72":8,"73":7,"75":1,"78":8,"85":7,"86":5,"88":4,"89":14,"92":14,"93":9,"94":9,"98":4,"107":6,"109":4,"110":4,"111":4},"path":"/Users/biod/projects/xCryptToken/contracts/CustomLockable.sol","s":{"1":82,"2":97,"3":97,"4":17,"5":80,"6":15,"7":13,"8":12,"9":9,"10":8,"11":8,"12":7,"13":1,"14":8,"15":7,"16":5,"17":4,"18":14,"19":14,"20":9,"21":9,"22":4,"23":6,"24":4,"25":4,"26":4},"b":{"1":[75,7],"2":[17,80],"3":[13,2],"4":[12,1],"5":[9,3],"6":[8,1],"7":[7,1],"8":[5,2],"9":[4,1],"10":[9,5],"11":[4,2]},"f":{"1":82,"2":97,"3":15,"4":7,"5":6},"fnMap":{"1":{"name":"revertIfLocked","line":45,"loc":{"start":{"line":45,"column":2},"end":{"line":45,"column":42}}},"2":{"name":"isLocked","line":51,"loc":{"start":{"line":51,"column":2},"end":{"line":51,"column":62}}},"3":{"name":"addLock","line":64,"loc":{"start":{"line":64,"column":2},"end":{"line":64,"column":91}}},"4":{"name":"addManyLocks","line":84,"loc":{"start":{"line":84,"column":2},"end":{"line":84,"column":99}}},"5":{"name":"disableLocking","line":106,"loc":{"start":{"line":106,"column":2},"end":{"line":106,"column":60}}}},"statementMap":{"1":{"start":{"line":46,"column":4},"end":{"line":46,"column":93}},"2":{"start":{"line":52,"column":4},"end":{"line":52,"column":46}},"3":{"start":{"line":54,"column":4},"end":{"line":54,"column":1906}},"4":{"start":{"line":55,"column":6},"end":{"line":55,"column":17}},"5":{"start":{"line":58,"column":4},"end":{"line":58,"column":16}},"6":{"start":{"line":65,"column":4},"end":{"line":65,"column":95}},"7":{"start":{"line":66,"column":4},"end":{"line":66,"column":54}},"8":{"start":{"line":67,"column":4},"end":{"line":67,"column":60}},"9":{"start":{"line":68,"column":4},"end":{"line":68,"column":55}},"10":{"start":{"line":70,"column":4},"end":{"line":70,"column":39}},"11":{"start":{"line":72,"column":4},"end":{"line":72,"column":2620}},"12":{"start":{"line":73,"column":6},"end":{"line":73,"column":46}},"13":{"start":{"line":75,"column":6},"end":{"line":75,"column":34}},"14":{"start":{"line":78,"column":4},"end":{"line":78,"column":15}},"15":{"start":{"line":85,"column":4},"end":{"line":85,"column":95}},"16":{"start":{"line":86,"column":4},"end":{"line":86,"column":53}},"17":{"start":{"line":88,"column":4},"end":{"line":88,"column":3239}},"18":{"start":{"line":89,"column":6},"end":{"line":89,"column":35}},"19":{"start":{"line":92,"column":6},"end":{"line":92,"column":3391}},"20":{"start":{"line":93,"column":8},"end":{"line":93,"column":42}},"21":{"start":{"line":94,"column":8},"end":{"line":94,"column":47}},"22":{"start":{"line":98,"column":4},"end":{"line":98,"column":15}},"23":{"start":{"line":107,"column":4},"end":{"line":107,"column":66}},"24":{"start":{"line":109,"column":4},"end":{"line":109,"column":18}},"25":{"start":{"line":110,"column":4},"end":{"line":110,"column":26}},"26":{"start":{"line":111,"column":4},"end":{"line":111,"column":15}}},"branchMap":{"1":{"line":46,"type":"if","locations":[{"start":{"line":46,"column":4},"end":{"line":46,"column":4}},{"start":{"line":46,"column":4},"end":{"line":46,"column":4}}]},"2":{"line":54,"type":"if","locations":[{"start":{"line":54,"column":4},"end":{"line":54,"column":4}},{"start":{"line":54,"column":4},"end":{"line":54,"column":4}}]},"3":{"line":65,"type":"if","locations":[{"start":{"line":65,"column":4},"end":{"line":65,"column":4}},{"start":{"line":65,"column":4},"end":{"line":65,"column":4}}]},"4":{"line":66,"type":"if","locations":[{"start":{"line":66,"column":4},"end":{"line":66,"column":4}},{"start":{"line":66,"column":4},"end":{"line":66,"column":4}}]},"5":{"line":67,"type":"if","locations":[{"start":{"line":67,"column":4},"end":{"line":67,"column":4}},{"start":{"line":67,"column":4},"end":{"line":67,"column":4}}]},"6":{"line":68,"type":"if","locations":[{"start":{"line":68,"column":4},"end":{"line":68,"column":4}},{"start":{"line":68,"column":4},"end":{"line":68,"column":4}}]},"7":{"line":72,"type":"if","locations":[{"start":{"line":72,"column":4},"end":{"line":72,"column":4}},{"start":{"line":72,"column":4},"end":{"line":72,"column":4}}]},"8":{"line":85,"type":"if","locations":[{"start":{"line":85,"column":4},"end":{"line":85,"column":4}},{"start":{"line":85,"column":4},"end":{"line":85,"column":4}}]},"9":{"line":86,"type":"if","locations":[{"start":{"line":86,"column":4},"end":{"line":86,"column":4}},{"start":{"line":86,"column":4},"end":{"line":86,"column":4}}]},"10":{"line":92,"type":"if","locations":[{"start":{"line":92,"column":6},"end":{"line":92,"column":6}},{"start":{"line":92,"column":6},"end":{"line":92,"column":6}}]},"11":{"line":107,"type":"if","locations":[{"start":{"line":107,"column":4},"end":{"line":107,"column":4}},{"start":{"line":107,"column":4},"end":{"line":107,"column":4}}]}}},"contracts/CustomPausable.sol":{"l":{"31":41,"32":41,"37":1,"38":1,"43":8,"44":8,"49":1,"50":1},"path":"/Users/biod/projects/xCryptToken/contracts/CustomPausable.sol","s":{"1":41,"2":1,"3":8,"4":8,"5":1,"6":1},"b":{"1":[41,0],"2":[1,0]},"f":{"1":41,"2":1,"3":8,"4":1},"fnMap":{"1":{"name":"whenNotPaused","line":30,"loc":{"start":{"line":30,"column":2},"end":{"line":30,"column":26}}},"2":{"name":"whenPaused","line":36,"loc":{"start":{"line":36,"column":2},"end":{"line":36,"column":23}}},"3":{"name":"pause","line":42,"loc":{"start":{"line":42,"column":2},"end":{"line":42,"column":51}}},"4":{"name":"unpause","line":48,"loc":{"start":{"line":48,"column":2},"end":{"line":48,"column":50}}}},"statementMap":{"1":{"start":{"line":31,"column":4},"end":{"line":31,"column":59}},"2":{"start":{"line":37,"column":4},"end":{"line":37,"column":55}},"3":{"start":{"line":43,"column":4},"end":{"line":43,"column":16}},"4":{"start":{"line":44,"column":4},"end":{"line":44,"column":17}},"5":{"start":{"line":49,"column":4},"end":{"line":49,"column":17}},"6":{"start":{"line":50,"column":4},"end":{"line":50,"column":19}}},"branchMap":{"1":{"line":31,"type":"if","locations":[{"start":{"line":31,"column":4},"end":{"line":31,"column":4}},{"start":{"line":31,"column":4},"end":{"line":31,"column":4}}]},"2":{"line":37,"type":"if","locations":[{"start":{"line":37,"column":4},"end":{"line":37,"column":4}},{"start":{"line":37,"column":4},"end":{"line":37,"column":4}}]}}},"contracts/Mocks/ERC20Mock.sol":{"l":{"21":1},"path":"/Users/biod/projects/xCryptToken/contracts/Mocks/ERC20Mock.sol","s":{"1":1},"b":{},"f":{"1":1},"fnMap":{"1":{"name":null,"line":20,"loc":{"start":{"line":20,"column":2},"end":{"line":20,"column":54}}}},"statementMap":{"1":{"start":{"line":21,"column":4},"end":{"line":21,"column":30}}},"branchMap":{}},"contracts/Mocks/ForceEther.sol":{"l":{"14":1},"path":"/Users/biod/projects/xCryptToken/contracts/Mocks/ForceEther.sol","s":{"1":1},"b":{},"f":{"1":1,"2":1},"fnMap":{"1":{"name":null,"line":11,"loc":{"start":{"line":11,"column":2},"end":{"line":11,"column":30}}},"2":{"name":"destroyAndSend","line":13,"loc":{"start":{"line":13,"column":2},"end":{"line":13,"column":52}}}},"statementMap":{"1":{"start":{"line":14,"column":4},"end":{"line":14,"column":27}}},"branchMap":{}},"contracts/Reclaimable.sol":{"l":{"31":1,"37":1,"38":1,"39":1},"path":"/Users/biod/projects/xCryptToken/contracts/Reclaimable.sol","s":{"1":1,"2":1},"b":{},"f":{"1":1,"2":1},"fnMap":{"1":{"name":"reclaimEther","line":30,"loc":{"start":{"line":30,"column":2},"end":{"line":30,"column":44}}},"2":{"name":"reclaimToken","line":36,"loc":{"start":{"line":36,"column":2},"end":{"line":36,"column":58}}}},"statementMap":{"1":{"start":{"line":37,"column":4},"end":{"line":37,"column":30}},"2":{"start":{"line":38,"column":4},"end":{"line":38,"column":42}}},"branchMap":{}},"contracts/TokenBase.sol":{"l":{"51":47,"65":34,"66":34,"79":6,"80":6,"92":23,"93":23,"105":6,"106":6,"118":6,"119":6,"126":2,"135":51,"136":51,"138":51,"139":51,"141":51,"142":51,"144":51},"path":"/Users/biod/projects/xCryptToken/contracts/TokenBase.sol","s":{"1":47,"2":34,"3":34,"4":6,"5":6,"6":23,"7":23,"8":6,"9":6,"10":6,"11":6,"12":51,"13":51,"14":51,"15":51,"16":51,"17":51,"18":51},"b":{"1":[34,0],"2":[6,0],"3":[23,0],"4":[6,0],"5":[6,0],"6":[51,0],"7":[51,0]},"f":{"1":47,"2":34,"3":6,"4":23,"5":6,"6":6,"7":2,"8":51},"fnMap":{"1":{"name":null,"line":50,"loc":{"start":{"line":50,"column":2},"end":{"line":50,"column":22}}},"2":{"name":"transfer","line":60,"loc":{"start":{"line":60,"column":2},"end":{"line":64,"column":17}}},"3":{"name":"transferFrom","line":74,"loc":{"start":{"line":74,"column":2},"end":{"line":78,"column":17}}},"4":{"name":"approve","line":87,"loc":{"start":{"line":87,"column":2},"end":{"line":91,"column":17}}},"5":{"name":"increaseApproval","line":100,"loc":{"start":{"line":100,"column":2},"end":{"line":104,"column":17}}},"6":{"name":"decreaseApproval","line":113,"loc":{"start":{"line":113,"column":2},"end":{"line":117,"column":17}}},"7":{"name":"burn","line":125,"loc":{"start":{"line":125,"column":2},"end":{"line":125,"column":52}}},"8":{"name":"mintTokens","line":134,"loc":{"start":{"line":134,"column":2},"end":{"line":134,"column":70}}}},"statementMap":{"1":{"start":{"line":51,"column":4},"end":{"line":51,"column":41}},"2":{"start":{"line":65,"column":4},"end":{"line":65,"column":49}},"3":{"start":{"line":66,"column":4},"end":{"line":66,"column":38}},"4":{"start":{"line":79,"column":4},"end":{"line":79,"column":49}},"5":{"start":{"line":80,"column":4},"end":{"line":80,"column":49}},"6":{"start":{"line":92,"column":4},"end":{"line":92,"column":54}},"7":{"start":{"line":93,"column":4},"end":{"line":93,"column":42}},"8":{"start":{"line":105,"column":4},"end":{"line":105,"column":54}},"9":{"start":{"line":106,"column":4},"end":{"line":106,"column":56}},"10":{"start":{"line":118,"column":4},"end":{"line":118,"column":54}},"11":{"start":{"line":119,"column":4},"end":{"line":119,"column":61}},"12":{"start":{"line":135,"column":4},"end":{"line":135,"column":49}},"13":{"start":{"line":136,"column":4},"end":{"line":136,"column":113}},"14":{"start":{"line":138,"column":4},"end":{"line":138,"column":44}},"15":{"start":{"line":139,"column":4},"end":{"line":139,"column":42}},"16":{"start":{"line":141,"column":4},"end":{"line":141,"column":42}},"17":{"start":{"line":142,"column":4},"end":{"line":142,"column":26}},"18":{"start":{"line":144,"column":4},"end":{"line":144,"column":15}}},"branchMap":{"1":{"line":65,"type":"if","locations":[{"start":{"line":65,"column":4},"end":{"line":65,"column":4}},{"start":{"line":65,"column":4},"end":{"line":65,"column":4}}]},"2":{"line":79,"type":"if","locations":[{"start":{"line":79,"column":4},"end":{"line":79,"column":4}},{"start":{"line":79,"column":4},"end":{"line":79,"column":4}}]},"3":{"line":92,"type":"if","locations":[{"start":{"line":92,"column":4},"end":{"line":92,"column":4}},{"start":{"line":92,"column":4},"end":{"line":92,"column":4}}]},"4":{"line":105,"type":"if","locations":[{"start":{"line":105,"column":4},"end":{"line":105,"column":4}},{"start":{"line":105,"column":4},"end":{"line":105,"column":4}}]},"5":{"line":118,"type":"if","locations":[{"start":{"line":118,"column":4},"end":{"line":118,"column":4}},{"start":{"line":118,"column":4},"end":{"line":118,"column":4}}]},"6":{"line":135,"type":"if","locations":[{"start":{"line":135,"column":4},"end":{"line":135,"column":4}},{"start":{"line":135,"column":4},"end":{"line":135,"column":4}}]},"7":{"line":136,"type":"if","locations":[{"start":{"line":136,"column":4},"end":{"line":136,"column":4}},{"start":{"line":136,"column":4},"end":{"line":136,"column":4}}]}}},"contracts/TransferState.sol":{"l":{"31":92,"32":54,"33":10,"37":82,"43":18,"45":18,"47":18,"48":18,"53":5,"55":5,"57":5,"58":5},"path":"/Users/biod/projects/xCryptToken/contracts/TransferState.sol","s":{"1":92,"2":54,"3":10,"4":18,"5":18,"6":18,"7":18,"8":5,"9":5,"10":5,"11":5},"b":{"1":[54,38],"2":[10,44],"3":[18,0],"4":[5,0]},"f":{"1":92,"2":18,"3":5},"fnMap":{"1":{"name":"canTransfer","line":30,"loc":{"start":{"line":30,"column":2},"end":{"line":30,"column":37}}},"2":{"name":"enableTransfers","line":42,"loc":{"start":{"line":42,"column":2},"end":{"line":42,"column":75}}},"3":{"name":"disableTransfers","line":52,"loc":{"start":{"line":52,"column":2},"end":{"line":52,"column":76}}}},"statementMap":{"1":{"start":{"line":31,"column":4},"end":{"line":31,"column":1129}},"2":{"start":{"line":32,"column":6},"end":{"line":32,"column":1163}},"3":{"start":{"line":33,"column":8},"end":{"line":33,"column":73}},"4":{"start":{"line":43,"column":4},"end":{"line":43,"column":85}},"5":{"start":{"line":45,"column":4},"end":{"line":45,"column":18}},"6":{"start":{"line":47,"column":4},"end":{"line":47,"column":32}},"7":{"start":{"line":48,"column":4},"end":{"line":48,"column":15}},"8":{"start":{"line":53,"column":4},"end":{"line":53,"column":84}},"9":{"start":{"line":55,"column":4},"end":{"line":55,"column":19}},"10":{"start":{"line":57,"column":4},"end":{"line":57,"column":32}},"11":{"start":{"line":58,"column":4},"end":{"line":58,"column":15}}},"branchMap":{"1":{"line":31,"type":"if","locations":[{"start":{"line":31,"column":4},"end":{"line":31,"column":4}},{"start":{"line":31,"column":4},"end":{"line":31,"column":4}}]},"2":{"line":32,"type":"if","locations":[{"start":{"line":32,"column":6},"end":{"line":32,"column":6}},{"start":{"line":32,"column":6},"end":{"line":32,"column":6}}]},"3":{"line":43,"type":"if","locations":[{"start":{"line":43,"column":4},"end":{"line":43,"column":4}},{"start":{"line":43,"column":4},"end":{"line":43,"column":4}}]},"4":{"line":53,"type":"if","locations":[{"start":{"line":53,"column":4},"end":{"line":53,"column":4}},{"start":{"line":53,"column":4},"end":{"line":53,"column":4}}]}}},"contracts/xCryptToken.sol":{"l":{"42":8,"43":4,"46":4,"51":2,"56":2,"61":2,"66":2,"72":12,"80":4,"81":4},"path":"/Users/biod/projects/xCryptToken/contracts/xCryptToken.sol","s":{"1":8,"2":4,"3":2,"4":2,"5":2,"6":2,"7":12,"8":4,"9":4},"b":{"1":[4,4]},"f":{"1":8,"2":2,"3":2,"4":2,"5":2,"6":12,"7":4},"fnMap":{"1":{"name":"whenNotMinted","line":41,"loc":{"start":{"line":41,"column":2},"end":{"line":41,"column":37}}},"2":{"name":"mintPartnerAndAdvisorTokens","line":50,"loc":{"start":{"line":50,"column":2},"end":{"line":50,"column":73}}},"3":{"name":"mintTeamTokens","line":55,"loc":{"start":{"line":55,"column":2},"end":{"line":55,"column":60}}},"4":{"name":"mintBonusAndReservesTokens","line":60,"loc":{"start":{"line":60,"column":2},"end":{"line":60,"column":72}}},"5":{"name":"mintBountyTokens","line":65,"loc":{"start":{"line":65,"column":2},"end":{"line":65,"column":62}}},"6":{"name":"computeHash","line":71,"loc":{"start":{"line":71,"column":2},"end":{"line":71,"column":65}}},"7":{"name":"mintOnce","line":79,"loc":{"start":{"line":79,"column":2},"end":{"line":79,"column":118}}}},"statementMap":{"1":{"start":{"line":42,"column":4},"end":{"line":42,"column":1894}},"2":{"start":{"line":43,"column":6},"end":{"line":43,"column":46}},"3":{"start":{"line":51,"column":4},"end":{"line":51,"column":90}},"4":{"start":{"line":56,"column":4},"end":{"line":56,"column":60}},"5":{"start":{"line":61,"column":4},"end":{"line":61,"column":86}},"6":{"start":{"line":66,"column":4},"end":{"line":66,"column":76}},"7":{"start":{"line":72,"column":4},"end":{"line":72,"column":44}},"8":{"start":{"line":80,"column":4},"end":{"line":80,"column":40}},"9":{"start":{"line":81,"column":4},"end":{"line":81,"column":35}}},"branchMap":{"1":{"line":42,"type":"if","locations":[{"start":{"line":42,"column":4},"end":{"line":42,"column":4}},{"start":{"line":42,"column":4},"end":{"line":42,"column":4}}]}}}}